[debug] [2024-01-01T15:33:02.932Z] ----------------------------------------------------------------------
[debug] [2024-01-01T15:33:02.942Z] Command:       C:\Program Files\nodejs\node.exe C:\Users\ycycr\AppData\Roaming\npm\node_modules\firebase-tools\lib\bin\firebase.js serve
[debug] [2024-01-01T15:33:02.943Z] CLI Version:   13.0.2
[debug] [2024-01-01T15:33:02.945Z] Platform:      win32
[debug] [2024-01-01T15:33:02.946Z] Node Version:  v18.18.0
[debug] [2024-01-01T15:33:03.065Z] Time:          Mon Jan 01 2024 21:03:02 GMT+0530 (India Standard Time)
[debug] [2024-01-01T15:33:03.066Z] ----------------------------------------------------------------------
[debug] 
[debug] [2024-01-01T15:33:03.814Z] > command requires scopes: ["email","openid","https://www.googleapis.com/auth/cloudplatformprojects.readonly","https://www.googleapis.com/auth/firebase","https://www.googleapis.com/auth/cloud-platform"]
[debug] [2024-01-01T15:33:03.815Z] > authorizing via signed-in user (chiruteja135@gmail.com)
[debug] [2024-01-01T15:33:03.815Z] [iam] checking project brush-box-d0ce9 for permissions ["firebase.projects.get"]
[debug] [2024-01-01T15:33:03.818Z] > refreshing access token with scopes: []
[debug] [2024-01-01T15:33:03.847Z] >>> [apiv2][query] POST https://www.googleapis.com/oauth2/v3/token [none]
[debug] [2024-01-01T15:33:03.847Z] >>> [apiv2][body] POST https://www.googleapis.com/oauth2/v3/token [omitted]
[debug] [2024-01-01T15:33:04.606Z] <<< [apiv2][status] POST https://www.googleapis.com/oauth2/v3/token 200
[debug] [2024-01-01T15:33:04.606Z] <<< [apiv2][body] POST https://www.googleapis.com/oauth2/v3/token [omitted]
[debug] [2024-01-01T15:33:04.657Z] >>> [apiv2][query] POST https://cloudresourcemanager.googleapis.com/v1/projects/brush-box-d0ce9:testIamPermissions [none]
[debug] [2024-01-01T15:33:04.658Z] >>> [apiv2][(partial)header] POST https://cloudresourcemanager.googleapis.com/v1/projects/brush-box-d0ce9:testIamPermissions x-goog-quota-user=projects/brush-box-d0ce9
[debug] [2024-01-01T15:33:04.660Z] >>> [apiv2][body] POST https://cloudresourcemanager.googleapis.com/v1/projects/brush-box-d0ce9:testIamPermissions {"permissions":["firebase.projects.get"]}
[debug] [2024-01-01T15:33:06.406Z] <<< [apiv2][status] POST https://cloudresourcemanager.googleapis.com/v1/projects/brush-box-d0ce9:testIamPermissions 200
[debug] [2024-01-01T15:33:06.407Z] <<< [apiv2][body] POST https://cloudresourcemanager.googleapis.com/v1/projects/brush-box-d0ce9:testIamPermissions {"permissions":["firebase.projects.get"]}
[debug] [2024-01-01T15:33:06.413Z] >>> [apiv2][query] GET https://firebase.googleapis.com/v1beta1/projects/brush-box-d0ce9 [none]
[debug] [2024-01-01T15:33:06.987Z] <<< [apiv2][status] GET https://firebase.googleapis.com/v1beta1/projects/brush-box-d0ce9 200
[debug] [2024-01-01T15:33:06.987Z] <<< [apiv2][body] GET https://firebase.googleapis.com/v1beta1/projects/brush-box-d0ce9 {"projectId":"brush-box-d0ce9","projectNumber":"41394190599","displayName":"brush-box","name":"projects/brush-box-d0ce9","resources":{"hostingSite":"brush-box-d0ce9"},"state":"ACTIVE","etag":"1_436dd0ef-70e6-4fad-be7b-cb1098870d91"}
[info] 
[info] === Serving from 'D:\desktop1\React apps\brush_box'...
[info] 
[debug] [2024-01-01T15:33:07.020Z] >>> [apiv2][query] GET https://firebasehosting.googleapis.com/v1beta1/projects/brush-box-d0ce9/sites 
[debug] [2024-01-01T15:33:08.138Z] <<< [apiv2][status] GET https://firebasehosting.googleapis.com/v1beta1/projects/brush-box-d0ce9/sites 200
[debug] [2024-01-01T15:33:08.139Z] <<< [apiv2][body] GET https://firebasehosting.googleapis.com/v1beta1/projects/brush-box-d0ce9/sites {"sites":[{"name":"projects/brush-box-d0ce9/sites/brush-box-d0ce9","defaultUrl":"https://brush-box-d0ce9.web.app","appId":"1:41394190599:web:6172a2ec4df2c44d13eda2","type":"DEFAULT_SITE"}]}
[debug] [2024-01-01T15:33:08.141Z] >>> [apiv2][query] GET https://firebase.googleapis.com/v1beta1/projects/brush-box-d0ce9/webApps/1:41394190599:web:6172a2ec4df2c44d13eda2/config [none]
[debug] [2024-01-01T15:33:09.144Z] <<< [apiv2][status] GET https://firebase.googleapis.com/v1beta1/projects/brush-box-d0ce9/webApps/1:41394190599:web:6172a2ec4df2c44d13eda2/config 200
[debug] [2024-01-01T15:33:09.145Z] <<< [apiv2][body] GET https://firebase.googleapis.com/v1beta1/projects/brush-box-d0ce9/webApps/1:41394190599:web:6172a2ec4df2c44d13eda2/config {"projectId":"brush-box-d0ce9","appId":"1:41394190599:web:6172a2ec4df2c44d13eda2","storageBucket":"brush-box-d0ce9.appspot.com","apiKey":"AIzaSyD_riQE8bYvh9QwNYarOeb7-b-PU0AhFUQ","authDomain":"brush-box-d0ce9.firebaseapp.com","messagingSenderId":"41394190599","measurementId":"G-DYYBHQGF6F"}
[debug] [2024-01-01T15:33:09.243Z] >>> [apiv2][query] GET https://firebase.googleapis.com/v1beta1/projects/brush-box-d0ce9 [none]
[debug] [2024-01-01T15:33:09.811Z] <<< [apiv2][status] GET https://firebase.googleapis.com/v1beta1/projects/brush-box-d0ce9 200
[debug] [2024-01-01T15:33:09.811Z] <<< [apiv2][body] GET https://firebase.googleapis.com/v1beta1/projects/brush-box-d0ce9 {"projectId":"brush-box-d0ce9","projectNumber":"41394190599","displayName":"brush-box","name":"projects/brush-box-d0ce9","resources":{"hostingSite":"brush-box-d0ce9"},"state":"ACTIVE","etag":"1_436dd0ef-70e6-4fad-be7b-cb1098870d91"}
[info] i  hosting[brush-box-d0ce9]: Serving hosting files from: public {"metadata":{"emulator":{"name":"hosting"},"message":"Serving hosting files from: \u001b[1mpublic\u001b[22m"}}
[info] +  hosting[brush-box-d0ce9]: Local server: http://localhost:5000 {"metadata":{"emulator":{"name":"hosting"},"message":"Local server: \u001b[4m\u001b[1mhttp://localhost:5000\u001b[22m\u001b[24m"}}
[info] i  hosting: ::1 - - [01/Jan/2024:15:33:47 +0000] "GET / HTTP/1.1" 200 864 "-" "Mozilla/5.0 (Windows NT 10.0; Win64; x64) AppleWebKit/537.36 (KHTML, like Gecko) Chrome/120.0.0.0 Safari/537.36" {"metadata":{"emulator":{"name":"hosting"},"message":"::1 - - [01/Jan/2024:15:33:47 +0000] \"GET / HTTP/1.1\" 200 864 \"-\" \"Mozilla/5.0 (Windows NT 10.0; Win64; x64) AppleWebKit/537.36 (KHTML, like Gecko) Chrome/120.0.0.0 Safari/537.36\""}}
[info] i  hosting: ::1 - - [01/Jan/2024:15:33:48 +0000] "GET /favicon.ico HTTP/1.1" 200 - "http://localhost:5000/" "Mozilla/5.0 (Windows NT 10.0; Win64; x64) AppleWebKit/537.36 (KHTML, like Gecko) Chrome/120.0.0.0 Safari/537.36" {"metadata":{"emulator":{"name":"hosting"},"message":"::1 - - [01/Jan/2024:15:33:48 +0000] \"GET /favicon.ico HTTP/1.1\" 200 - \"http://localhost:5000/\" \"Mozilla/5.0 (Windows NT 10.0; Win64; x64) AppleWebKit/537.36 (KHTML, like Gecko) Chrome/120.0.0.0 Safari/537.36\""}}
[info] i  hosting: ::1 - - [01/Jan/2024:15:34:24 +0000] "GET / HTTP/1.1" 200 864 "-" "Mozilla/5.0 (Windows NT 10.0; Win64; x64) AppleWebKit/537.36 (KHTML, like Gecko) Chrome/120.0.0.0 Safari/537.36" {"metadata":{"emulator":{"name":"hosting"},"message":"::1 - - [01/Jan/2024:15:34:24 +0000] \"GET / HTTP/1.1\" 200 864 \"-\" \"Mozilla/5.0 (Windows NT 10.0; Win64; x64) AppleWebKit/537.36 (KHTML, like Gecko) Chrome/120.0.0.0 Safari/537.36\""}}
[info] i  hosting: ::1 - - [01/Jan/2024:15:39:58 +0000] "GET / HTTP/1.1" 200 864 "-" "Mozilla/5.0 (Windows NT 10.0; Win64; x64) AppleWebKit/537.36 (KHTML, like Gecko) Chrome/120.0.0.0 Safari/537.36" {"metadata":{"emulator":{"name":"hosting"},"message":"::1 - - [01/Jan/2024:15:39:58 +0000] \"GET / HTTP/1.1\" 200 864 \"-\" \"Mozilla/5.0 (Windows NT 10.0; Win64; x64) AppleWebKit/537.36 (KHTML, like Gecko) Chrome/120.0.0.0 Safari/537.36\""}}
